<?xml version="1.0" encoding="UTF-8"?>
<testng-results ignored="0" total="1" passed="1" failed="0" skipped="0">
  <reporter-output>
  </reporter-output>
  <suite started-at="2023-09-17T19:11:03 IST" name="Default suite" finished-at="2023-09-17T19:11:20 IST" duration-ms="17282">
    <groups>
    </groups>
    <test started-at="2023-09-17T19:11:03 IST" name="Default test" finished-at="2023-09-17T19:11:20 IST" duration-ms="17282">
      <class name="TestCases.LoginTestCases">
        <test-method signature="VerifyValidLogin()[pri:0, instance:TestCases.LoginTestCases@3c19aaa5]" started-at="2023-09-17T19:11:03 IST" name="VerifyValidLogin" finished-at="2023-09-17T19:11:20 IST" duration-ms="17227" status="PASS">
          <reporter-output>
          </reporter-output>
        </test-method> <!-- VerifyValidLogin -->
      </class> <!-- TestCases.LoginTestCases -->
    </test> <!-- Default test -->
  </suite> <!-- Default suite -->
</testng-results>
